c:\users\ilyacoding\iclouddrive\desktop\osisp\lab1\lab1\debug\lab1.pch
c:\users\ilyacoding\iclouddrive\desktop\osisp\lab1\lab1\debug\vc141.pdb
c:\users\ilyacoding\iclouddrive\desktop\osisp\lab1\lab1\debug\vc141.idb
c:\users\ilyacoding\iclouddrive\desktop\osisp\lab1\lab1\debug\stdafx.obj
c:\users\ilyacoding\iclouddrive\desktop\osisp\lab1\lab1\debug\lab1.obj
c:\users\ilyacoding\iclouddrive\desktop\osisp\lab1\lab1\debug\directionalvector.obj
c:\users\ilyacoding\iclouddrive\desktop\osisp\lab1\lab1\debug\tellipse.obj
c:\users\ilyacoding\iclouddrive\desktop\osisp\lab1\debug\lab1.exe
c:\users\ilyacoding\iclouddrive\desktop\osisp\lab1\debug\lab1.ilk
c:\users\ilyacoding\iclouddrive\desktop\osisp\lab1\debug\lab1.pdb
c:\users\ilyacoding\iclouddrive\desktop\osisp\lab1\lab1\debug\lab1.res
c:\users\ilyacoding\iclouddrive\desktop\osisp\lab1\lab1\debug\lab1.tlog\cl.command.1.tlog
c:\users\ilyacoding\iclouddrive\desktop\osisp\lab1\lab1\debug\lab1.tlog\cl.read.1.tlog
c:\users\ilyacoding\iclouddrive\desktop\osisp\lab1\lab1\debug\lab1.tlog\cl.write.1.tlog
c:\users\ilyacoding\iclouddrive\desktop\osisp\lab1\lab1\debug\lab1.tlog\link.command.1.tlog
c:\users\ilyacoding\iclouddrive\desktop\osisp\lab1\lab1\debug\lab1.tlog\link.read.1.tlog
c:\users\ilyacoding\iclouddrive\desktop\osisp\lab1\lab1\debug\lab1.tlog\link.write.1.tlog
c:\users\ilyacoding\iclouddrive\desktop\osisp\lab1\lab1\debug\lab1.tlog\rc.command.1.tlog
c:\users\ilyacoding\iclouddrive\desktop\osisp\lab1\lab1\debug\lab1.tlog\rc.read.1.tlog
c:\users\ilyacoding\iclouddrive\desktop\osisp\lab1\lab1\debug\lab1.tlog\rc.write.1.tlog
